<?xml version="1.0" encoding="UTF-8"?>
<testsuite name="ar.uba.fi.tdd.rulogic.model.PokemonAcceptanceTest" time="0.017" tests="24" errors="0" skipped="0" failures="0">
  <properties>
    <property name="java.runtime.name" value="Java(TM) SE Runtime Environment"/>
    <property name="sun.boot.library.path" value="/usr/lib/jvm/java-8-oracle/jre/lib/amd64"/>
    <property name="java.vm.version" value="25.144-b01"/>
    <property name="java.vm.vendor" value="Oracle Corporation"/>
    <property name="maven.multiModuleProjectDirectory" value="/home/gaston/Documentos/FACU/TD/repos/7510-TP1-Java"/>
    <property name="java.vendor.url" value="http://java.oracle.com/"/>
    <property name="path.separator" value=":"/>
    <property name="guice.disable.misplaced.annotation.check" value="true"/>
    <property name="java.vm.name" value="Java HotSpot(TM) 64-Bit Server VM"/>
    <property name="file.encoding.pkg" value="sun.io"/>
    <property name="user.country" value="AR"/>
    <property name="sun.java.launcher" value="SUN_STANDARD"/>
    <property name="sun.os.patch.level" value="unknown"/>
    <property name="java.vm.specification.name" value="Java Virtual Machine Specification"/>
    <property name="user.dir" value="/home/gaston/Documentos/FACU/TD/repos/7510-TP1-Java"/>
    <property name="java.runtime.version" value="1.8.0_144-b01"/>
    <property name="java.awt.graphicsenv" value="sun.awt.X11GraphicsEnvironment"/>
    <property name="java.endorsed.dirs" value="/usr/lib/jvm/java-8-oracle/jre/lib/endorsed"/>
    <property name="os.arch" value="amd64"/>
    <property name="java.io.tmpdir" value="/tmp"/>
    <property name="line.separator" value="&#10;"/>
    <property name="java.vm.specification.vendor" value="Oracle Corporation"/>
    <property name="os.name" value="Linux"/>
    <property name="net.sourceforge.cobertura.datafile" value="/home/gaston/Documentos/FACU/TD/repos/7510-TP1-Java/target/cobertura/cobertura.ser"/>
    <property name="classworlds.conf" value="/usr/share/maven/bin/m2.conf"/>
    <property name="sun.jnu.encoding" value="UTF-8"/>
    <property name="java.library.path" value="/usr/java/packages/lib/amd64:/usr/lib64:/lib64:/lib:/usr/lib"/>
    <property name="java.specification.name" value="Java Platform API Specification"/>
    <property name="java.class.version" value="52.0"/>
    <property name="sun.management.compiler" value="HotSpot 64-Bit Tiered Compilers"/>
    <property name="os.version" value="4.10.0-38-generic"/>
    <property name="user.home" value="/home/gaston"/>
    <property name="user.timezone" value="America/Argentina/Buenos_Aires"/>
    <property name="java.awt.printerjob" value="sun.print.PSPrinterJob"/>
    <property name="java.specification.version" value="1.8"/>
    <property name="file.encoding" value="UTF-8"/>
    <property name="user.name" value="gaston"/>
    <property name="java.class.path" value="/usr/share/maven/boot/plexus-classworlds-2.x.jar"/>
    <property name="java.vm.specification.version" value="1.8"/>
    <property name="sun.arch.data.model" value="64"/>
    <property name="java.home" value="/usr/lib/jvm/java-8-oracle/jre"/>
    <property name="sun.java.command" value="org.codehaus.plexus.classworlds.launcher.Launcher cobertura:cobertura"/>
    <property name="java.specification.vendor" value="Oracle Corporation"/>
    <property name="user.language" value="es"/>
    <property name="awt.toolkit" value="sun.awt.X11.XToolkit"/>
    <property name="java.vm.info" value="mixed mode"/>
    <property name="java.version" value="1.8.0_144"/>
    <property name="java.ext.dirs" value="/usr/lib/jvm/java-8-oracle/jre/lib/ext:/usr/java/packages/lib/ext"/>
    <property name="securerandom.source" value="file:/dev/./urandom"/>
    <property name="sun.boot.class.path" value="/usr/lib/jvm/java-8-oracle/jre/lib/resources.jar:/usr/lib/jvm/java-8-oracle/jre/lib/rt.jar:/usr/lib/jvm/java-8-oracle/jre/lib/sunrsasign.jar:/usr/lib/jvm/java-8-oracle/jre/lib/jsse.jar:/usr/lib/jvm/java-8-oracle/jre/lib/jce.jar:/usr/lib/jvm/java-8-oracle/jre/lib/charsets.jar:/usr/lib/jvm/java-8-oracle/jre/lib/jfr.jar:/usr/lib/jvm/java-8-oracle/jre/classes"/>
    <property name="java.vendor" value="Oracle Corporation"/>
    <property name="maven.home" value="/usr/share/maven"/>
    <property name="file.separator" value="/"/>
    <property name="java.vendor.url.bug" value="http://bugreport.sun.com/bugreport/"/>
    <property name="sun.cpu.endian" value="little"/>
    <property name="sun.io.unicode.encoding" value="UnicodeLittle"/>
    <property name="project.build.outputDirectory" value="/home/gaston/Documentos/FACU/TD/repos/7510-TP1-Java/target/generated-classes/cobertura"/>
    <property name="sun.desktop" value="gnome"/>
    <property name="sun.cpu.isalist" value=""/>
  </properties>
  <testcase name="sin_valores_deberia_lanzar_una_excepcion" classname="ar.uba.fi.tdd.rulogic.model.PokemonAcceptanceTest" time="0.007"/>
  <testcase name="entrenador_que_no_esta_en_la_bd_deberia_ser_false_2_test" classname="ar.uba.fi.tdd.rulogic.model.PokemonAcceptanceTest" time="0.002"/>
  <testcase name="entrenador_que_no_esta_en_la_bd_deberia_ser_false_3_test" classname="ar.uba.fi.tdd.rulogic.model.PokemonAcceptanceTest" time="0"/>
  <testcase name="entrenador_que_no_esta_en_la_bd_deberia_ser_false_4_test" classname="ar.uba.fi.tdd.rulogic.model.PokemonAcceptanceTest" time="0.001"/>
  <testcase name="entrenador_que_no_esta_en_la_bd_deberia_ser_false_5_test" classname="ar.uba.fi.tdd.rulogic.model.PokemonAcceptanceTest" time="0.001"/>
  <testcase name="pokemon_x_evoluciona_a_y_de_tipo_z_deberia_ser_false_test" classname="ar.uba.fi.tdd.rulogic.model.PokemonAcceptanceTest" time="0"/>
  <testcase name="entrenador_x_tiene_pokemon_y_de_tipo_z_deberia_ser_true_test" classname="ar.uba.fi.tdd.rulogic.model.PokemonAcceptanceTest" time="0"/>
  <testcase name="definicion_con_dos_valores_existe_en_db_test" classname="ar.uba.fi.tdd.rulogic.model.PokemonAcceptanceTest" time="0"/>
  <testcase name="definicion_con_muchos_espacios_extra_es_valida_test" classname="ar.uba.fi.tdd.rulogic.model.PokemonAcceptanceTest" time="0.001"/>
  <testcase name="entrenador_existe_en_db_test" classname="ar.uba.fi.tdd.rulogic.model.PokemonAcceptanceTest" time="0"/>
  <testcase name="cosas_sin_formato_deberia_lanzar_excepcion_test" classname="ar.uba.fi.tdd.rulogic.model.PokemonAcceptanceTest" time="0"/>
  <testcase name="ash_es_entrenador_mujer_deberia_ser_false_test" classname="ar.uba.fi.tdd.rulogic.model.PokemonAcceptanceTest" time="0.001"/>
  <testcase name="entrenador_que_no_esta_en_la_bd_deberia_ser_false_test" classname="ar.uba.fi.tdd.rulogic.model.PokemonAcceptanceTest" time="0"/>
  <testcase name="mayusculas_en_valores_deberia_lanzar_excepcion" classname="ar.uba.fi.tdd.rulogic.model.PokemonAcceptanceTest" time="0"/>
  <testcase name="entrenador_no_existe_en_db_test" classname="ar.uba.fi.tdd.rulogic.model.PokemonAcceptanceTest" time="0"/>
  <testcase name="misty_es_entrenador_mujer_deberia_ser_true_test" classname="ar.uba.fi.tdd.rulogic.model.PokemonAcceptanceTest" time="0.002"/>
  <testcase name="numero_en_valores_deberia_lanzar_excepcion" classname="ar.uba.fi.tdd.rulogic.model.PokemonAcceptanceTest" time="0"/>
  <testcase name="pokemon_x_evoluciona_a_y_de_tipo_z_deberia_ser_true_test" classname="ar.uba.fi.tdd.rulogic.model.PokemonAcceptanceTest" time="0"/>
  <testcase name="los_dos_pokemones_son_del_tipo_z_deberia_ser_true_test" classname="ar.uba.fi.tdd.rulogic.model.PokemonAcceptanceTest" time="0.001"/>
  <testcase name="mayusculas_en_nombre_deberia_lanzar_excepcion" classname="ar.uba.fi.tdd.rulogic.model.PokemonAcceptanceTest" time="0"/>
  <testcase name="sin_muchos_valores_deberia_lanzar_una_excepcion" classname="ar.uba.fi.tdd.rulogic.model.PokemonAcceptanceTest" time="0"/>
  <testcase name="numeros_en_nombre_deberia_lanzar_excepcion" classname="ar.uba.fi.tdd.rulogic.model.PokemonAcceptanceTest" time="0.001"/>
  <testcase name="pokemon_x_de_tipo_y_es_fuerte_contra_tipo_z_deberia_ser_false_test" classname="ar.uba.fi.tdd.rulogic.model.PokemonAcceptanceTest" time="0"/>
  <testcase name="los_dos_pokemones_son_del_tipo_z_con_muchos_espacios_redundantes_deberia_ser_true_test" classname="ar.uba.fi.tdd.rulogic.model.PokemonAcceptanceTest" time="0"/>
</testsuite>